<?xml version="1.0" encoding="UTF-8"?>
<testsuite name="DriverSummaryTest" tests="1" skipped="0" failures="0" errors="0" timestamp="2021-01-18T21:59:20" hostname="JASONPC" time="0.002">
  <properties/>
  <testcase name="shouldReturnGreaterSpeed" classname="DriverSummaryTest" time="0.002"/>
  <system-out><![CDATA[]]></system-out>
  <system-err><![CDATA[]]></system-err>
</testsuite>
