<?xml version="1.0" encoding="UTF-8"?>
<testsuite name="TripManagerTest" tests="1" skipped="0" failures="0" errors="0" timestamp="2021-01-17T18:02:17" hostname="JASONPC" time="0.004">
  <properties/>
  <testcase name="shouldGetDriverByName" classname="TripManagerTest" time="0.004"/>
  <system-out><![CDATA[]]></system-out>
  <system-err><![CDATA[]]></system-err>
</testsuite>
