<?xml version="1.0" encoding="UTF-8"?>
<testsuite name="DriverTest" tests="1" skipped="0" failures="0" errors="0" timestamp="2021-01-15T16:02:30" hostname="JASONPC" time="0.001">
  <properties/>
  <testcase name="shouldCreateNewDriver" classname="DriverTest" time="0.001"/>
  <system-out><![CDATA[]]></system-out>
  <system-err><![CDATA[]]></system-err>
</testsuite>
