<?xml version="1.0" encoding="UTF-8"?>
<testsuite name="TripTest" tests="1" skipped="0" failures="0" errors="0" timestamp="2021-01-13T19:21:59" hostname="JASONPC" time="0.002">
  <properties/>
  <testcase name="shouldCalculateSpeed" classname="TripTest" time="0.002"/>
  <system-out><![CDATA[]]></system-out>
  <system-err><![CDATA[]]></system-err>
</testsuite>
