<?xml version="1.0" encoding="UTF-8"?>
<testsuite name="TripManagerTest" tests="1" skipped="0" failures="0" errors="0" timestamp="2021-01-16T21:22:32" hostname="JASONPC" time="0.003">
  <properties/>
  <testcase name="shouldSaveDriver" classname="TripManagerTest" time="0.003"/>
  <system-out><![CDATA[]]></system-out>
  <system-err><![CDATA[]]></system-err>
</testsuite>
